<?xml version="1.0" encoding="UTF-8"?>
<!-- Generated by org.testng.reporters.JUnitReportReporter -->
<testsuite hostname="DESKTOP-P7A0Q47" failures="0" tests="3" name="TestCases.LoginPageTest" time="8.540" errors="0" timestamp="2024-08-11T20:42:41 IST" skipped="0">
  <testcase classname="TestCases.LoginPageTest" name="verify_Title_Of_Application_Test" time="2.019">
    <system-out>
      <![CDATA[The title application is : Swag Labs]]>
    </system-out>
  </testcase> <!-- verify_Title_Of_Application_Test -->
  <testcase classname="TestCases.LoginPageTest" name="verify_Url_Of_Application_Test" time="4.033">
    <system-out>
      <![CDATA[The url application is : https://www.saucedemo.com/]]>
    </system-out>
  </testcase> <!-- verify_Url_Of_Application_Test -->
  <testcase classname="TestCases.LoginPageTest" name="loginToApplicationTest" time="2.488">
    <system-out>
      <![CDATA[Login Successful= https://www.saucedemo.com/inventory.html]]>
    </system-out>
  </testcase> <!-- loginToApplicationTest -->
  <system-out>
    <![CDATA[Login Successful= https://www.saucedemo.com/inventory.html
The title application is : Swag Labs
The url application is : https://www.saucedemo.com/]]>
  </system-out>
</testsuite> <!-- TestCases.LoginPageTest -->
